<?xml version="1.0" encoding="UTF-8"?>
<!-- Generated by org.testng.reporters.JUnitReportReporter -->
<testsuite skipped="0" hostname="DESKTOP-4SGBL4I" name="SamplePackage.Class_2" tests="1" failures="0" timestamp="17 Mar 2020 17:48:01 GMT" time="0.015" errors="0">
  <testcase name="class_2" time="0.015" classname="SamplePackage.Class_2"/>
</testsuite> <!-- SamplePackage.Class_2 -->
