<?xml version="1.0" encoding="UTF-8"?>
<!-- Generated by org.testng.reporters.JUnitReportReporter -->
<testsuite skipped="0" hostname="DESKTOP-4SGBL4I" name="SamplePackage.Class_1_Test" tests="1" failures="0" timestamp="22 Mar 2020 02:05:07 GMT" time="0.022" errors="0">
  <testcase name="class_1" time="0.022" classname="SamplePackage.Class_1_Test"/>
</testsuite> <!-- SamplePackage.Class_1_Test -->
