<?xml version="1.0" encoding="UTF-8"?>
<!-- Generated by org.testng.reporters.JUnitReportReporter -->
<testsuite skipped="0" hostname="DESKTOP-4SGBL4I" name="SamplePackage.Class_1" tests="1" failures="0" timestamp="17 Mar 2020 17:47:47 GMT" time="0.016" errors="0">
  <testcase name="class_1" time="0.016" classname="SamplePackage.Class_1"/>
</testsuite> <!-- SamplePackage.Class_1 -->
