<?xml version="1.0" encoding="UTF-8"?>
<!-- Generated by org.testng.reporters.JUnitReportReporter -->
<testsuite hostname="DESKTOP-4SGBL4I" name="SamplePackage.Class_2_Test" tests="1" failures="0" timestamp="22 Mar 2020 10:42:01 GMT" time="0.000" errors="0">
  <testcase name="class_2" time="0.000" classname="SamplePackage.Class_2_Test"/>
</testsuite>
